<?xml version="1.0" encoding="utf-8" standalone="no"?>
<!--This file represents the results of running a test suite-->
<test-results name="bin/Debug/CivilianPopulationShould.dll" total="1" failures="0" not-run="0" date="2017-06-27" time="00:10:08">
  <environment nunit-version="2.4.8.0" clr-version="4.0.30319.42000" os-version="Unix 15.6.0.0" platform="Unix" cwd="/Volumes/DATA/git/CivilianPopulation/modules/src/test/cs" machine-name="Ronans-iMac.local" user="rleroy" user-domain="Ronans-iMac.local" />
  <culture-info current-culture="en-US" current-uiculture="en-US" />
  <test-suite name="bin/Debug/CivilianPopulationShould.dll" success="True" time="0.020" asserts="0">
    <results>
      <test-suite name="CivilianPopulationShould" success="True" time="0.017" asserts="0">
        <results>
          <test-suite name="CivilianPopulationCoreTests" success="True" time="0.011" asserts="0">
            <results>
              <test-case name="CivilianPopulationShould.CivilianPopulationCoreTests.taxes_should_happen_every_6_hours" executed="True" success="True" time="0.003" asserts="1" />
            </results>
          </test-suite>
        </results>
      </test-suite>
    </results>
  </test-suite>
</test-results>